2020-05-12 16:58:02 [scrapy.utils.log] INFO: Scrapy 1.6.0 started (bot: tool)
2020-05-12 16:58:02 [scrapy.utils.log] INFO: Versions: lxml 4.5.0.0, libxml2 2.9.10, cssselect 1.1.0, parsel 1.5.2, w3lib 1.20.0, Twisted 20.3.0, Python 3.6.5 |Anaconda, Inc.| (default, Mar 29 2018, 13:32:41) [MSC v.1900 64 bit (AMD64)], pyOpenSSL 19.1.0 (OpenSSL 1.1.1g  21 Apr 2020), cryptography 2.9.2, Platform Windows-10-10.0.17763-SP0
2020-05-12 16:58:02 [scrapy.crawler] INFO: Overridden settings: {'BOT_NAME': 'tool', 'LOG_FILE': 'logs\\default\\icrawler\\0fec4ea4943711ea9b7fdeb6f2b51c36.log', 'NEWSPIDER_MODULE': 'tool.spiders', 'SPIDER_MODULES': ['tool.spiders'], 'USER_AGENT': 'Mozilla/5.0 (compatible; Googlebot/2.1; +http://www.google.com/bot.html)'}
2020-05-12 16:58:02 [scrapy.extensions.telnet] INFO: Telnet Password: 75fb74e104718531
2020-05-12 16:58:02 [scrapy.middleware] INFO: Enabled extensions:
['scrapy.extensions.corestats.CoreStats',
 'scrapy.extensions.telnet.TelnetConsole',
 'scrapy.extensions.logstats.LogStats']
2020-05-12 16:58:02 [scrapy.middleware] INFO: Enabled downloader middlewares:
['scrapy.downloadermiddlewares.httpauth.HttpAuthMiddleware',
 'scrapy.downloadermiddlewares.downloadtimeout.DownloadTimeoutMiddleware',
 'scrapy.downloadermiddlewares.defaultheaders.DefaultHeadersMiddleware',
 'scrapy.downloadermiddlewares.useragent.UserAgentMiddleware',
 'scrapy.downloadermiddlewares.retry.RetryMiddleware',
 'scrapy.downloadermiddlewares.redirect.MetaRefreshMiddleware',
 'scrapy.downloadermiddlewares.httpcompression.HttpCompressionMiddleware',
 'scrapy.downloadermiddlewares.redirect.RedirectMiddleware',
 'scrapy.downloadermiddlewares.cookies.CookiesMiddleware',
 'scrapy.downloadermiddlewares.httpproxy.HttpProxyMiddleware',
 'scrapy.downloadermiddlewares.stats.DownloaderStats']
2020-05-12 16:58:02 [scrapy.middleware] INFO: Enabled spider middlewares:
['scrapy.spidermiddlewares.httperror.HttpErrorMiddleware',
 'scrapy.spidermiddlewares.offsite.OffsiteMiddleware',
 'scrapy.spidermiddlewares.referer.RefererMiddleware',
 'scrapy.spidermiddlewares.urllength.UrlLengthMiddleware',
 'scrapy.spidermiddlewares.depth.DepthMiddleware']
2020-05-12 16:58:02 [twisted] CRITICAL: Unhandled error in Deferred:
2020-05-12 16:58:02 [twisted] CRITICAL: 
Traceback (most recent call last):
  File "c:\users\taibn1\.conda\envs\tensorflow1\lib\site-packages\scrapy\utils\misc.py", line 47, in load_object
    obj = getattr(mod, name)
AttributeError: module 'tool.pipelines' has no attribute 'ToolPipeline'

During handling of the above exception, another exception occurred:

Traceback (most recent call last):
  File "c:\users\taibn1\.conda\envs\tensorflow1\lib\site-packages\twisted\internet\defer.py", line 1418, in _inlineCallbacks
    result = g.send(result)
  File "c:\users\taibn1\.conda\envs\tensorflow1\lib\site-packages\scrapy\crawler.py", line 80, in crawl
    self.engine = self._create_engine()
  File "c:\users\taibn1\.conda\envs\tensorflow1\lib\site-packages\scrapy\crawler.py", line 105, in _create_engine
    return ExecutionEngine(self, lambda _: self.stop())
  File "c:\users\taibn1\.conda\envs\tensorflow1\lib\site-packages\scrapy\core\engine.py", line 70, in __init__
    self.scraper = Scraper(crawler)
  File "c:\users\taibn1\.conda\envs\tensorflow1\lib\site-packages\scrapy\core\scraper.py", line 71, in __init__
    self.itemproc = itemproc_cls.from_crawler(crawler)
  File "c:\users\taibn1\.conda\envs\tensorflow1\lib\site-packages\scrapy\middleware.py", line 53, in from_crawler
    return cls.from_settings(crawler.settings, crawler)
  File "c:\users\taibn1\.conda\envs\tensorflow1\lib\site-packages\scrapy\middleware.py", line 34, in from_settings
    mwcls = load_object(clspath)
  File "c:\users\taibn1\.conda\envs\tensorflow1\lib\site-packages\scrapy\utils\misc.py", line 49, in load_object
    raise NameError("Module '%s' doesn't define any object named '%s'" % (module, name))
NameError: Module 'tool.pipelines' doesn't define any object named 'ToolPipeline'
